
> daily_tools@0.1.0 build /Volumes/T7 Shield/code/daily-tools
> next build

   ▲ Next.js 16.0.7 (Turbopack)
   - Environments: .env

   Creating an optimized production build ...
 ✓ Compiled successfully in 6.1s
   Running TypeScript ...
   Collecting page data using 11 workers ...
Error [PrismaClientConstructorValidationError]: Unknown property datasource provided to PrismaClient constructor.
Read more at https://pris.ly/d/client-constructor
    at module evaluation (.next/server/chunks/[root-of-the-server]__e158dd64._.js:1:1222)
    at instantiateModule (.next/server/chunks/[turbopack]_runtime.js:715:9)
    at instantiateRuntimeModule (.next/server/chunks/[turbopack]_runtime.js:743:12)
    at getOrInstantiateRuntimeModule (.next/server/chunks/[turbopack]_runtime.js:756:12)
    at Object.m (.next/server/chunks/[turbopack]_runtime.js:765:18)
    at Object.<anonymous> (.next/server/app/api/users/route.js:5:3)

> Build error occurred
Error: Failed to collect page data for /api/users
    at ignore-listed frames {
  type: 'Error'
}
 ELIFECYCLE  Command failed with exit code 1.
